ic| nt.make_potentials(random=True): (array([[  6.01721294,  11.5161897 , -13.59462356],
                                            [  2.22055335,  -7.75867545,   8.08705804],
                                            [ -1.98628263, -15.78693865,  -6.29289296]]),
                                      array([[[ -3.8775694 ,   0.50186186,  -9.07043642],
                                             [  1.3213809 ,  14.04902491,   4.04102049],
                                             [-10.37413433,  -7.41802639,  12.63499442]],
                                     
                                            [[ -6.89324027,   7.08014773,  -0.35047519],
                                             [ -8.37816495,  -7.32517946,  10.47382507],
                                             [-14.23801201,  13.54041015,  -3.95092574]],
                                     
                                            [[ -9.29215681,   4.44062689,   1.42217616],
                                             [ 13.68740708,  -4.98762425,  -0.74268695],
                                             [  9.39371973,  -6.26142751, -10.28958741]]]),
                                      array([-21.33039152,   9.04387892, -20.84403873]),
                                      1000.0)
HS brackets
exact =  (-0.3142625105638087-0.8731090968796953j)
gauss = (-0.3133909929022266-0.8703567546345466j)  +/-  0.0021612711083204535
error =  (-0.0008715176615821107-0.0027523422451486423j)
RBM brackets
exact =  (-0.3142625105638087-0.8731090968796953j)
rbm = (-0.3138394825272501-0.8722367783069535j)  +/-  0.0012205594459215915
error =  (-0.00042302803655863697-0.000872318572741837j)
DONE
